# JRE version: OpenJDK Runtime Environment Temurin-21.0.8+9 (21.0.8+9) (build 21.0.8+9-LTS)
# Java VM: OpenJDK 64-Bit Server VM Temurin-21.0.8+9 (21.0.8+9-LTS, mixed mode, sharing, tiered, compressed oops, compressed class ptrs, parallel gc, windows-amd64)
GC Precious Log:
 CardTable entry size: 512
 CPUs: 4 total, 4 available
 Memory: 8113M
 Large Page Support: Disabled
 NUMA Support: Disabled
 Compressed Oops: Enabled (32-bit)
 Alignments: Space 512K, Generation 512K, Heap 2M
 Heap Min Capacity: 100M
 Heap Initial Capacity: 100M
 Heap Max Capacity: 2G
 Pre-touch: Disabled
 Parallel Workers: 4
Heap:
 PSYoungGen      total 2560K, used 461K [0x00000000d5580000, 0x00000000d5980000, 0x0000000100000000)
  eden space 2048K, 14% used [0x00000000d5580000,0x00000000d55cb6f8,0x00000000d5780000)
  from space 512K, 31% used [0x00000000d5880000,0x00000000d58a8000,0x00000000d5900000)
  to   space 512K, 0% used [0x00000000d5900000,0x00000000d5900000,0x00000000d5980000)
 ParOldGen       total 1021440K, used 1020984K [0x0000000080000000, 0x00000000be580000, 0x00000000d5580000)
  object space 1021440K, 99% used [0x0000000080000000,0x00000000be50e028,0x00000000be580000)
 Metaspace       used 72393K, committed 74176K, reserved 1179648K
  class space    used 7523K, committed 8320K, reserved 1048576K
GC Heap History (20 events):
Event: 224.323 GC heap before
{Heap before GC invocations=1765 (full 3):
 PSYoungGen      total 2048K, used 2048K [0x00000000d5580000, 0x00000000d5980000, 0x0000000100000000)
  eden space 1024K, 100% used [0x00000000d5580000,0x00000000d5680000,0x00000000d5680000)
  from space 1024K, 100% used [0x00000000d5680000,0x00000000d5780000,0x00000000d5780000)
  to   space 1536K, 0% used [0x00000000d5800000,0x00000000d5800000,0x00000000d5980000)
 ParOldGen       total 1010688K, used 1010232K [0x0000000080000000, 0x00000000bdb00000, 0x00000000d5580000)
  object space 1010688K, 99% used [0x0000000080000000,0x00000000bda8e278,0x00000000bdb00000)
 Metaspace       used 72047K, committed 73728K, reserved 1179648K
  class space    used 7482K, committed 8192K, reserved 1048576K
}
Event: 224.330 GC heap after
{Heap after GC invocations=1765 (full 3):
 PSYoungGen      total 2560K, used 1013K [0x00000000d5580000, 0x00000000d5a00000, 0x0000000100000000)
  eden space 1024K, 0% used [0x00000000d5580000,0x00000000d5580000,0x00000000d5680000)
  from space 1536K, 66% used [0x00000000d5800000,0x00000000d58fd7d0,0x00000000d5980000)
  to   space 1536K, 0% used [0x00000000d5680000,0x00000000d5680000,0x00000000d5800000)
 ParOldGen       total 1011200K, used 1011192K [0x0000000080000000, 0x00000000bdb80000, 0x00000000d5580000)
  object space 1011200K, 99% used [0x0000000080000000,0x00000000bdb7e278,0x00000000bdb80000)
 Metaspace       used 72047K, committed 73728K, reserved 1179648K
  class space    used 7482K, committed 8192K, reserved 1048576K
}
Event: 224.339 GC heap before
{Heap before GC invocations=1766 (full 3):
 PSYoungGen      total 2560K, used 2037K [0x00000000d5580000, 0x00000000d5a00000, 0x0000000100000000)
  eden space 1024K, 100% used [0x00000000d5580000,0x00000000d5680000,0x00000000d5680000)
  from space 1536K, 66% used [0x00000000d5800000,0x00000000d58fd7d0,0x00000000d5980000)
  to   space 1536K, 0% used [0x00000000d5680000,0x00000000d5680000,0x00000000d5800000)
 ParOldGen       total 1011200K, used 1011192K [0x0000000080000000, 0x00000000bdb80000, 0x00000000d5580000)
  object space 1011200K, 99% used [0x0000000080000000,0x00000000bdb7e278,0x00000000bdb80000)
 Metaspace       used 72047K, committed 73728K, reserved 1179648K
  class space    used 7482K, committed 8192K, reserved 1048576K
}
Event: 224.345 GC heap after
{Heap after GC invocations=1766 (full 3):
 PSYoungGen      total 2560K, used 896K [0x00000000d5580000, 0x00000000d5900000, 0x0000000100000000)
  eden space 1024K, 0% used [0x00000000d5580000,0x00000000d5580000,0x00000000d5680000)
  from space 1536K, 58% used [0x00000000d5680000,0x00000000d5760000,0x00000000d5800000)
  to   space 1024K, 0% used [0x00000000d5800000,0x00000000d5800000,0x00000000d5900000)
 ParOldGen       total 1012224K, used 1012142K [0x0000000080000000, 0x00000000bdc80000, 0x00000000d5580000)
  object space 1012224K, 99% used [0x0000000080000000,0x00000000bdc6ba48,0x00000000bdc80000)
 Metaspace       used 72047K, committed 73728K, reserved 1179648K
  class space    used 7482K, committed 8192K, reserved 1048576K
}
Event: 224.353 GC heap before
{Heap before GC invocations=1767 (full 3):
 PSYoungGen      total 2560K, used 1919K [0x00000000d5580000, 0x00000000d5900000, 0x0000000100000000)
  eden space 1024K, 99% used [0x00000000d5580000,0x00000000d567ff38,0x00000000d5680000)
  from space 1536K, 58% used [0x00000000d5680000,0x00000000d5760000,0x00000000d5800000)
  to   space 1024K, 0% used [0x00000000d5800000,0x00000000d5800000,0x00000000d5900000)
 ParOldGen       total 1012224K, used 1012142K [0x0000000080000000, 0x00000000bdc80000, 0x00000000d5580000)
  object space 1012224K, 99% used [0x0000000080000000,0x00000000bdc6ba48,0x00000000bdc80000)
 Metaspace       used 72047K, committed 73728K, reserved 1179648K
  class space    used 7482K, committed 8192K, reserved 1048576K
}
Event: 224.358 GC heap after
{Heap after GC invocations=1767 (full 3):
 PSYoungGen      total 2560K, used 914K [0x00000000d5580000, 0x00000000d5900000, 0x0000000100000000)
  eden space 1536K, 0% used [0x00000000d5580000,0x00000000d5580000,0x00000000d5700000)
  from space 1024K, 89% used [0x00000000d5800000,0x00000000d58e48b8,0x00000000d5900000)
  to   space 1024K, 0% used [0x00000000d5700000,0x00000000d5700000,0x00000000d5800000)
 ParOldGen       total 1013248K, used 1012990K [0x0000000080000000, 0x00000000bdd80000, 0x00000000d5580000)
  object space 1013248K, 99% used [0x0000000080000000,0x00000000bdd3fa48,0x00000000bdd80000)
 Metaspace       used 72047K, committed 73728K, reserved 1179648K
  class space    used 7482K, committed 8192K, reserved 1048576K
}
Event: 224.447 GC heap before
{Heap before GC invocations=1768 (full 3):
 PSYoungGen      total 2560K, used 2450K [0x00000000d5580000, 0x00000000d5900000, 0x0000000100000000)
  eden space 1536K, 100% used [0x00000000d5580000,0x00000000d5700000,0x00000000d5700000)
  from space 1024K, 89% used [0x00000000d5800000,0x00000000d58e48b8,0x00000000d5900000)
  to   space 1024K, 0% used [0x00000000d5700000,0x00000000d5700000,0x00000000d5800000)
 ParOldGen       total 1013248K, used 1012990K [0x0000000080000000, 0x00000000bdd80000, 0x00000000d5580000)
  object space 1013248K, 99% used [0x0000000080000000,0x00000000bdd3fa48,0x00000000bdd80000)
 Metaspace       used 72047K, committed 73728K, reserved 1179648K
  class space    used 7482K, committed 8192K, reserved 1048576K
}
Event: 224.452 GC heap after
{Heap after GC invocations=1768 (full 3):
 PSYoungGen      total 2560K, used 1024K [0x00000000d5580000, 0x00000000d5c80000, 0x0000000100000000)
  eden space 1536K, 0% used [0x00000000d5580000,0x00000000d5580000,0x00000000d5700000)
  from space 1024K, 100% used [0x00000000d5700000,0x00000000d5800000,0x00000000d5800000)
  to   space 2560K, 0% used [0x00000000d5a00000,0x00000000d5a00000,0x00000000d5c80000)
 ParOldGen       total 1014272K, used 1014213K [0x0000000080000000, 0x00000000bde80000, 0x00000000d5580000)
  object space 1014272K, 99% used [0x0000000080000000,0x00000000bde71638,0x00000000bde80000)
 Metaspace       used 72047K, committed 73728K, reserved 1179648K
  class space    used 7482K, committed 8192K, reserved 1048576K
}
Event: 224.486 GC heap before
{Heap before GC invocations=1769 (full 3):
 PSYoungGen      total 2560K, used 2560K [0x00000000d5580000, 0x00000000d5c80000, 0x0000000100000000)
  eden space 1536K, 100% used [0x00000000d5580000,0x00000000d5700000,0x00000000d5700000)
  from space 1024K, 100% used [0x00000000d5700000,0x00000000d5800000,0x00000000d5800000)
  to   space 2560K, 0% used [0x00000000d5a00000,0x00000000d5a00000,0x00000000d5c80000)
 ParOldGen       total 1014272K, used 1014213K [0x0000000080000000, 0x00000000bde80000, 0x00000000d5580000)
  object space 1014272K, 99% used [0x0000000080000000,0x00000000bde71638,0x00000000bde80000)
 Metaspace       used 72047K, committed 73728K, reserved 1179648K
  class space    used 7482K, committed 8192K, reserved 1048576K
}
Event: 224.492 GC heap after
{Heap after GC invocations=1769 (full 3):
 PSYoungGen      total 3584K, used 1440K [0x00000000d5580000, 0x00000000d5b80000, 0x0000000100000000)
  eden space 2048K, 0% used [0x00000000d5580000,0x00000000d5580000,0x00000000d5780000)
  from space 1536K, 93% used [0x00000000d5a00000,0x00000000d5b68000,0x00000000d5b80000)
  to   space 2048K, 0% used [0x00000000d5780000,0x00000000d5780000,0x00000000d5980000)
 ParOldGen       total 1015296K, used 1015250K [0x0000000080000000, 0x00000000bdf80000, 0x00000000d5580000)
  object space 1015296K, 99% used [0x0000000080000000,0x00000000bdf74998,0x00000000bdf80000)
 Metaspace       used 72047K, committed 73728K, reserved 1179648K
  class space    used 7482K, committed 8192K, reserved 1048576K
}
Event: 224.695 GC heap before
{Heap before GC invocations=1770 (full 3):
 PSYoungGen      total 3584K, used 3488K [0x00000000d5580000, 0x00000000d5b80000, 0x0000000100000000)
  eden space 2048K, 100% used [0x00000000d5580000,0x00000000d5780000,0x00000000d5780000)
  from space 1536K, 93% used [0x00000000d5a00000,0x00000000d5b68000,0x00000000d5b80000)
  to   space 2048K, 0% used [0x00000000d5780000,0x00000000d5780000,0x00000000d5980000)
 ParOldGen       total 1015296K, used 1015250K [0x0000000080000000, 0x00000000bdf80000, 0x00000000d5580000)
  object space 1015296K, 99% used [0x0000000080000000,0x00000000bdf74998,0x00000000bdf80000)
 Metaspace       used 72047K, committed 73728K, reserved 1179648K
  class space    used 7482K, committed 8192K, reserved 1048576K
}
Event: 224.700 GC heap after
{Heap after GC invocations=1770 (full 3):
 PSYoungGen      total 4096K, used 1917K [0x00000000d5580000, 0x00000000d5b80000, 0x0000000100000000)
  eden space 2048K, 0% used [0x00000000d5580000,0x00000000d5580000,0x00000000d5780000)
  from space 2048K, 93% used [0x00000000d5780000,0x00000000d595f520,0x00000000d5980000)
  to   space 2048K, 0% used [0x00000000d5980000,0x00000000d5980000,0x00000000d5b80000)
 ParOldGen       total 1016832K, used 1016656K [0x0000000080000000, 0x00000000be100000, 0x00000000d5580000)
  object space 1016832K, 99% used [0x0000000080000000,0x00000000be0d40d8,0x00000000be100000)
 Metaspace       used 72047K, committed 73728K, reserved 1179648K
  class space    used 7482K, committed 8192K, reserved 1048576K
}
Event: 224.855 GC heap before
{Heap before GC invocations=1771 (full 3):
 PSYoungGen      total 4096K, used 3965K [0x00000000d5580000, 0x00000000d5b80000, 0x0000000100000000)
  eden space 2048K, 100% used [0x00000000d5580000,0x00000000d5780000,0x00000000d5780000)
  from space 2048K, 93% used [0x00000000d5780000,0x00000000d595f520,0x00000000d5980000)
  to   space 2048K, 0% used [0x00000000d5980000,0x00000000d5980000,0x00000000d5b80000)
 ParOldGen       total 1016832K, used 1016656K [0x0000000080000000, 0x00000000be100000, 0x00000000d5580000)
  object space 1016832K, 99% used [0x0000000080000000,0x00000000be0d40d8,0x00000000be100000)
 Metaspace       used 72048K, committed 73728K, reserved 1179648K
  class space    used 7482K, committed 8192K, reserved 1048576K
}
Event: 224.865 GC heap after
{Heap after GC invocations=1771 (full 3):
 PSYoungGen      total 4096K, used 1856K [0x00000000d5580000, 0x00000000d5b80000, 0x0000000100000000)
  eden space 2048K, 0% used [0x00000000d5580000,0x00000000d5580000,0x00000000d5780000)
  from space 2048K, 90% used [0x00000000d5980000,0x00000000d5b50000,0x00000000d5b80000)
  to   space 2048K, 0% used [0x00000000d5780000,0x00000000d5780000,0x00000000d5980000)
 ParOldGen       total 1018880K, used 1018535K [0x0000000080000000, 0x00000000be300000, 0x00000000d5580000)
  object space 1018880K, 99% used [0x0000000080000000,0x00000000be2a9cb8,0x00000000be300000)
 Metaspace       used 72048K, committed 73728K, reserved 1179648K
  class space    used 7482K, committed 8192K, reserved 1048576K
}
Event: 225.597 GC heap before
{Heap before GC invocations=1772 (full 3):
 PSYoungGen      total 4096K, used 3903K [0x00000000d5580000, 0x00000000d5b80000, 0x0000000100000000)
  eden space 2048K, 99% used [0x00000000d5580000,0x00000000d577ffe8,0x00000000d5780000)
  from space 2048K, 90% used [0x00000000d5980000,0x00000000d5b50000,0x00000000d5b80000)
  to   space 2048K, 0% used [0x00000000d5780000,0x00000000d5780000,0x00000000d5980000)
 ParOldGen       total 1018880K, used 1018535K [0x0000000080000000, 0x00000000be300000, 0x00000000d5580000)
  object space 1018880K, 99% used [0x0000000080000000,0x00000000be2a9cb8,0x00000000be300000)
 Metaspace       used 72101K, committed 73792K, reserved 1179648K
  class space    used 7494K, committed 8256K, reserved 1048576K
}
Event: 225.602 GC heap after
{Heap after GC invocations=1772 (full 3):
 PSYoungGen      total 3072K, used 704K [0x00000000d5580000, 0x00000000d5a80000, 0x0000000100000000)
  eden space 2048K, 0% used [0x00000000d5580000,0x00000000d5580000,0x00000000d5780000)
  from space 1024K, 68% used [0x00000000d5780000,0x00000000d5830000,0x00000000d5880000)
  to   space 1536K, 0% used [0x00000000d5900000,0x00000000d5900000,0x00000000d5a80000)
 ParOldGen       total 1020416K, used 1020358K [0x0000000080000000, 0x00000000be480000, 0x00000000d5580000)
  object space 1020416K, 99% used [0x0000000080000000,0x00000000be471ac8,0x00000000be480000)
 Metaspace       used 72101K, committed 73792K, reserved 1179648K
  class space    used 7494K, committed 8256K, reserved 1048576K
}
Event: 225.730 GC heap before
{Heap before GC invocations=1773 (full 3):
 PSYoungGen      total 3072K, used 2751K [0x00000000d5580000, 0x00000000d5a80000, 0x0000000100000000)
  eden space 2048K, 99% used [0x00000000d5580000,0x00000000d577ffe8,0x00000000d5780000)
  from space 1024K, 68% used [0x00000000d5780000,0x00000000d5830000,0x00000000d5880000)
  to   space 1536K, 0% used [0x00000000d5900000,0x00000000d5900000,0x00000000d5a80000)
 ParOldGen       total 1020416K, used 1020358K [0x0000000080000000, 0x00000000be480000, 0x00000000d5580000)
  object space 1020416K, 99% used [0x0000000080000000,0x00000000be471ac8,0x00000000be480000)
 Metaspace       used 72116K, committed 73792K, reserved 1179648K
  class space    used 7495K, committed 8256K, reserved 1048576K
}
Event: 225.735 GC heap after
{Heap after GC invocations=1773 (full 3):
 PSYoungGen      total 2560K, used 224K [0x00000000d5580000, 0x00000000d5980000, 0x0000000100000000)
  eden space 2048K, 0% used [0x00000000d5580000,0x00000000d5580000,0x00000000d5780000)
  from space 512K, 43% used [0x00000000d5900000,0x00000000d5938000,0x00000000d5980000)
  to   space 512K, 0% used [0x00000000d5880000,0x00000000d5880000,0x00000000d5900000)
 ParOldGen       total 1021440K, used 1020944K [0x0000000080000000, 0x00000000be580000, 0x00000000d5580000)
  object space 1021440K, 99% used [0x0000000080000000,0x00000000be504028,0x00000000be580000)
 Metaspace       used 72116K, committed 73792K, reserved 1179648K
  class space    used 7495K, committed 8256K, reserved 1048576K
}
Event: 341.172 GC heap before
{Heap before GC invocations=1774 (full 3):
 PSYoungGen      total 2560K, used 2266K [0x00000000d5580000, 0x00000000d5980000, 0x0000000100000000)
  eden space 2048K, 99% used [0x00000000d5580000,0x00000000d577ebe8,0x00000000d5780000)
  from space 512K, 43% used [0x00000000d5900000,0x00000000d5938000,0x00000000d5980000)
  to   space 512K, 0% used [0x00000000d5880000,0x00000000d5880000,0x00000000d5900000)
 ParOldGen       total 1021440K, used 1020944K [0x0000000080000000, 0x00000000be580000, 0x00000000d5580000)
  object space 1021440K, 99% used [0x0000000080000000,0x00000000be504028,0x00000000be580000)
 Metaspace       used 72372K, committed 74048K, reserved 1179648K
  class space    used 7519K, committed 8256K, reserved 1048576K
}
Event: 341.240 GC heap after
{Heap after GC invocations=1774 (full 3):
 PSYoungGen      total 2560K, used 160K [0x00000000d5580000, 0x00000000d5980000, 0x0000000100000000)
  eden space 2048K, 0% used [0x00000000d5580000,0x00000000d5580000,0x00000000d5780000)
  from space 512K, 31% used [0x00000000d5880000,0x00000000d58a8000,0x00000000d5900000)
  to   space 512K, 0% used [0x00000000d5900000,0x00000000d5900000,0x00000000d5980000)
 ParOldGen       total 1021440K, used 1020984K [0x0000000080000000, 0x00000000be580000, 0x00000000d5580000)
  object space 1021440K, 99% used [0x0000000080000000,0x00000000be50e028,0x00000000be580000)
 Metaspace       used 72372K, committed 74048K, reserved 1179648K
  class space    used 7519K, committed 8256K, reserved 1048576K
}

