# JRE version: OpenJDK Runtime Environment Temurin-21.0.8+9 (21.0.8+9) (build 21.0.8+9-LTS)
# Java VM: OpenJDK 64-Bit Server VM Temurin-21.0.8+9 (21.0.8+9-LTS, mixed mode, sharing, tiered, compressed oops, compressed class ptrs, parallel gc, windows-amd64)
GC Precious Log:
 CardTable entry size: 512
 CPUs: 4 total, 4 available
 Memory: 8113M
 Large Page Support: Disabled
 NUMA Support: Disabled
 Compressed Oops: Enabled (32-bit)
 Alignments: Space 512K, Generation 512K, Heap 2M
 Heap Min Capacity: 100M
 Heap Initial Capacity: 100M
 Heap Max Capacity: 2G
 Pre-touch: Disabled
 Parallel Workers: 4
Heap:
 PSYoungGen      total 2048K, used 633K [0x00000000d5580000, 0x00000000d5880000, 0x0000000100000000)
  eden space 1536K, 18% used [0x00000000d5580000,0x00000000d55c6768,0x00000000d5700000)
  from space 512K, 68% used [0x00000000d5800000,0x00000000d5858000,0x00000000d5880000)
  to   space 512K, 0% used [0x00000000d5780000,0x00000000d5780000,0x00000000d5800000)
 ParOldGen       total 460800K, used 460510K [0x0000000080000000, 0x000000009c200000, 0x00000000d5580000)
  object space 460800K, 99% used [0x0000000080000000,0x000000009c1b79d0,0x000000009c200000)
 Metaspace       used 66837K, committed 68352K, reserved 1114112K
  class space    used 6962K, committed 7616K, reserved 1048576K
GC Heap History (20 events):
Event: 175.815 GC heap before
{Heap before GC invocations=718 (full 3):
 PSYoungGen      total 2048K, used 1792K [0x00000000d5580000, 0x00000000d5880000, 0x0000000100000000)
  eden space 1536K, 100% used [0x00000000d5580000,0x00000000d5700000,0x00000000d5700000)
  from space 512K, 50% used [0x00000000d5800000,0x00000000d5840000,0x00000000d5880000)
  to   space 512K, 0% used [0x00000000d5780000,0x00000000d5780000,0x00000000d5800000)
 ParOldGen       total 458240K, used 458057K [0x0000000080000000, 0x000000009bf80000, 0x00000000d5580000)
  object space 458240K, 99% used [0x0000000080000000,0x000000009bf52548,0x000000009bf80000)
 Metaspace       used 66831K, committed 68352K, reserved 1114112K
  class space    used 6962K, committed 7616K, reserved 1048576K
}
Event: 175.817 GC heap after
{Heap after GC invocations=718 (full 3):
 PSYoungGen      total 2048K, used 278K [0x00000000d5580000, 0x00000000d5880000, 0x0000000100000000)
  eden space 1536K, 0% used [0x00000000d5580000,0x00000000d5580000,0x00000000d5700000)
  from space 512K, 54% used [0x00000000d5780000,0x00000000d57c5808,0x00000000d5800000)
  to   space 512K, 0% used [0x00000000d5800000,0x00000000d5800000,0x00000000d5880000)
 ParOldGen       total 458752K, used 458241K [0x0000000080000000, 0x000000009c000000, 0x00000000d5580000)
  object space 458752K, 99% used [0x0000000080000000,0x000000009bf80548,0x000000009c000000)
 Metaspace       used 66831K, committed 68352K, reserved 1114112K
  class space    used 6962K, committed 7616K, reserved 1048576K
}
Event: 175.922 GC heap before
{Heap before GC invocations=719 (full 3):
 PSYoungGen      total 2048K, used 1814K [0x00000000d5580000, 0x00000000d5880000, 0x0000000100000000)
  eden space 1536K, 100% used [0x00000000d5580000,0x00000000d5700000,0x00000000d5700000)
  from space 512K, 54% used [0x00000000d5780000,0x00000000d57c5808,0x00000000d5800000)
  to   space 512K, 0% used [0x00000000d5800000,0x00000000d5800000,0x00000000d5880000)
 ParOldGen       total 458752K, used 458241K [0x0000000080000000, 0x000000009c000000, 0x00000000d5580000)
  object space 458752K, 99% used [0x0000000080000000,0x000000009bf80548,0x000000009c000000)
 Metaspace       used 66831K, committed 68352K, reserved 1114112K
  class space    used 6962K, committed 7616K, reserved 1048576K
}
Event: 175.925 GC heap after
{Heap after GC invocations=719 (full 3):
 PSYoungGen      total 2048K, used 512K [0x00000000d5580000, 0x00000000d5900000, 0x0000000100000000)
  eden space 1536K, 0% used [0x00000000d5580000,0x00000000d5580000,0x00000000d5700000)
  from space 512K, 100% used [0x00000000d5800000,0x00000000d5880000,0x00000000d5880000)
  to   space 1024K, 0% used [0x00000000d5700000,0x00000000d5700000,0x00000000d5800000)
 ParOldGen       total 458752K, used 458471K [0x0000000080000000, 0x000000009c000000, 0x00000000d5580000)
  object space 458752K, 99% used [0x0000000080000000,0x000000009bfb9d50,0x000000009c000000)
 Metaspace       used 66831K, committed 68352K, reserved 1114112K
  class space    used 6962K, committed 7616K, reserved 1048576K
}
Event: 176.464 GC heap before
{Heap before GC invocations=720 (full 3):
 PSYoungGen      total 2048K, used 2047K [0x00000000d5580000, 0x00000000d5900000, 0x0000000100000000)
  eden space 1536K, 99% used [0x00000000d5580000,0x00000000d56fffd0,0x00000000d5700000)
  from space 512K, 100% used [0x00000000d5800000,0x00000000d5880000,0x00000000d5880000)
  to   space 1024K, 0% used [0x00000000d5700000,0x00000000d5700000,0x00000000d5800000)
 ParOldGen       total 458752K, used 458471K [0x0000000080000000, 0x000000009c000000, 0x00000000d5580000)
  object space 458752K, 99% used [0x0000000080000000,0x000000009bfb9d50,0x000000009c000000)
 Metaspace       used 66832K, committed 68352K, reserved 1114112K
  class space    used 6962K, committed 7616K, reserved 1048576K
}
Event: 176.467 GC heap after
{Heap after GC invocations=720 (full 3):
 PSYoungGen      total 2560K, used 192K [0x00000000d5580000, 0x00000000d5880000, 0x0000000100000000)
  eden space 1536K, 0% used [0x00000000d5580000,0x00000000d5580000,0x00000000d5700000)
  from space 1024K, 18% used [0x00000000d5700000,0x00000000d5730000,0x00000000d5800000)
  to   space 512K, 0% used [0x00000000d5800000,0x00000000d5800000,0x00000000d5880000)
 ParOldGen       total 458752K, used 458583K [0x0000000080000000, 0x000000009c000000, 0x00000000d5580000)
  object space 458752K, 99% used [0x0000000080000000,0x000000009bfd5d50,0x000000009c000000)
 Metaspace       used 66832K, committed 68352K, reserved 1114112K
  class space    used 6962K, committed 7616K, reserved 1048576K
}
Event: 176.496 GC heap before
{Heap before GC invocations=721 (full 3):
 PSYoungGen      total 2560K, used 1728K [0x00000000d5580000, 0x00000000d5880000, 0x0000000100000000)
  eden space 1536K, 100% used [0x00000000d5580000,0x00000000d5700000,0x00000000d5700000)
  from space 1024K, 18% used [0x00000000d5700000,0x00000000d5730000,0x00000000d5800000)
  to   space 512K, 0% used [0x00000000d5800000,0x00000000d5800000,0x00000000d5880000)
 ParOldGen       total 458752K, used 458583K [0x0000000080000000, 0x000000009c000000, 0x00000000d5580000)
  object space 458752K, 99% used [0x0000000080000000,0x000000009bfd5d50,0x000000009c000000)
 Metaspace       used 66832K, committed 68352K, reserved 1114112K
  class space    used 6962K, committed 7616K, reserved 1048576K
}
Event: 176.499 GC heap after
{Heap after GC invocations=721 (full 3):
 PSYoungGen      total 2048K, used 256K [0x00000000d5580000, 0x00000000d5880000, 0x0000000100000000)
  eden space 1536K, 0% used [0x00000000d5580000,0x00000000d5580000,0x00000000d5700000)
  from space 512K, 50% used [0x00000000d5800000,0x00000000d5840000,0x00000000d5880000)
  to   space 512K, 0% used [0x00000000d5780000,0x00000000d5780000,0x00000000d5800000)
 ParOldGen       total 458752K, used 458697K [0x0000000080000000, 0x000000009c000000, 0x00000000d5580000)
  object space 458752K, 99% used [0x0000000080000000,0x000000009bff27a8,0x000000009c000000)
 Metaspace       used 66832K, committed 68352K, reserved 1114112K
  class space    used 6962K, committed 7616K, reserved 1048576K
}
Event: 176.527 GC heap before
{Heap before GC invocations=722 (full 3):
 PSYoungGen      total 2048K, used 1778K [0x00000000d5580000, 0x00000000d5880000, 0x0000000100000000)
  eden space 1536K, 99% used [0x00000000d5580000,0x00000000d56fc868,0x00000000d5700000)
  from space 512K, 50% used [0x00000000d5800000,0x00000000d5840000,0x00000000d5880000)
  to   space 512K, 0% used [0x00000000d5780000,0x00000000d5780000,0x00000000d5800000)
 ParOldGen       total 458752K, used 458697K [0x0000000080000000, 0x000000009c000000, 0x00000000d5580000)
  object space 458752K, 99% used [0x0000000080000000,0x000000009bff27a8,0x000000009c000000)
 Metaspace       used 66832K, committed 68352K, reserved 1114112K
  class space    used 6962K, committed 7616K, reserved 1048576K
}
Event: 176.529 GC heap after
{Heap after GC invocations=722 (full 3):
 PSYoungGen      total 2048K, used 273K [0x00000000d5580000, 0x00000000d5880000, 0x0000000100000000)
  eden space 1536K, 0% used [0x00000000d5580000,0x00000000d5580000,0x00000000d5700000)
  from space 512K, 53% used [0x00000000d5780000,0x00000000d57c4710,0x00000000d5800000)
  to   space 512K, 0% used [0x00000000d5800000,0x00000000d5800000,0x00000000d5880000)
 ParOldGen       total 459264K, used 458903K [0x0000000080000000, 0x000000009c080000, 0x00000000d5580000)
  object space 459264K, 99% used [0x0000000080000000,0x000000009c025db0,0x000000009c080000)
 Metaspace       used 66832K, committed 68352K, reserved 1114112K
  class space    used 6962K, committed 7616K, reserved 1048576K
}
Event: 176.591 GC heap before
{Heap before GC invocations=723 (full 3):
 PSYoungGen      total 2048K, used 1796K [0x00000000d5580000, 0x00000000d5880000, 0x0000000100000000)
  eden space 1536K, 99% used [0x00000000d5580000,0x00000000d56fcc68,0x00000000d5700000)
  from space 512K, 53% used [0x00000000d5780000,0x00000000d57c4710,0x00000000d5800000)
  to   space 512K, 0% used [0x00000000d5800000,0x00000000d5800000,0x00000000d5880000)
 ParOldGen       total 459264K, used 458903K [0x0000000080000000, 0x000000009c080000, 0x00000000d5580000)
  object space 459264K, 99% used [0x0000000080000000,0x000000009c025db0,0x000000009c080000)
 Metaspace       used 66832K, committed 68352K, reserved 1114112K
  class space    used 6962K, committed 7616K, reserved 1048576K
}
Event: 176.597 GC heap after
{Heap after GC invocations=723 (full 3):
 PSYoungGen      total 2048K, used 219K [0x00000000d5580000, 0x00000000d5880000, 0x0000000100000000)
  eden space 1536K, 0% used [0x00000000d5580000,0x00000000d5580000,0x00000000d5700000)
  from space 512K, 42% used [0x00000000d5800000,0x00000000d5836c08,0x00000000d5880000)
  to   space 512K, 0% used [0x00000000d5780000,0x00000000d5780000,0x00000000d5800000)
 ParOldGen       total 459264K, used 459047K [0x0000000080000000, 0x000000009c080000, 0x00000000d5580000)
  object space 459264K, 99% used [0x0000000080000000,0x000000009c049db0,0x000000009c080000)
 Metaspace       used 66832K, committed 68352K, reserved 1114112K
  class space    used 6962K, committed 7616K, reserved 1048576K
}
Event: 176.615 GC heap before
{Heap before GC invocations=724 (full 3):
 PSYoungGen      total 2048K, used 1755K [0x00000000d5580000, 0x00000000d5880000, 0x0000000100000000)
  eden space 1536K, 100% used [0x00000000d5580000,0x00000000d5700000,0x00000000d5700000)
  from space 512K, 42% used [0x00000000d5800000,0x00000000d5836c08,0x00000000d5880000)
  to   space 512K, 0% used [0x00000000d5780000,0x00000000d5780000,0x00000000d5800000)
 ParOldGen       total 459264K, used 459047K [0x0000000080000000, 0x000000009c080000, 0x00000000d5580000)
  object space 459264K, 99% used [0x0000000080000000,0x000000009c049db0,0x000000009c080000)
 Metaspace       used 66832K, committed 68352K, reserved 1114112K
  class space    used 6962K, committed 7616K, reserved 1048576K
}
Event: 176.618 GC heap after
{Heap after GC invocations=724 (full 3):
 PSYoungGen      total 2048K, used 192K [0x00000000d5580000, 0x00000000d5880000, 0x0000000100000000)
  eden space 1536K, 0% used [0x00000000d5580000,0x00000000d5580000,0x00000000d5700000)
  from space 512K, 37% used [0x00000000d5780000,0x00000000d57b0000,0x00000000d5800000)
  to   space 512K, 0% used [0x00000000d5800000,0x00000000d5800000,0x00000000d5880000)
 ParOldGen       total 459264K, used 459242K [0x0000000080000000, 0x000000009c080000, 0x00000000d5580000)
  object space 459264K, 99% used [0x0000000080000000,0x000000009c07a9b8,0x000000009c080000)
 Metaspace       used 66832K, committed 68352K, reserved 1114112K
  class space    used 6962K, committed 7616K, reserved 1048576K
}
Event: 176.633 GC heap before
{Heap before GC invocations=725 (full 3):
 PSYoungGen      total 2048K, used 1713K [0x00000000d5580000, 0x00000000d5880000, 0x0000000100000000)
  eden space 1536K, 99% used [0x00000000d5580000,0x00000000d56fc420,0x00000000d5700000)
  from space 512K, 37% used [0x00000000d5780000,0x00000000d57b0000,0x00000000d5800000)
  to   space 512K, 0% used [0x00000000d5800000,0x00000000d5800000,0x00000000d5880000)
 ParOldGen       total 459264K, used 459242K [0x0000000080000000, 0x000000009c080000, 0x00000000d5580000)
  object space 459264K, 99% used [0x0000000080000000,0x000000009c07a9b8,0x000000009c080000)
 Metaspace       used 66832K, committed 68352K, reserved 1114112K
  class space    used 6962K, committed 7616K, reserved 1048576K
}
Event: 176.636 GC heap after
{Heap after GC invocations=725 (full 3):
 PSYoungGen      total 2048K, used 192K [0x00000000d5580000, 0x00000000d5880000, 0x0000000100000000)
  eden space 1536K, 0% used [0x00000000d5580000,0x00000000d5580000,0x00000000d5700000)
  from space 512K, 37% used [0x00000000d5800000,0x00000000d5830000,0x00000000d5880000)
  to   space 512K, 0% used [0x00000000d5780000,0x00000000d5780000,0x00000000d5800000)
 ParOldGen       total 459776K, used 459402K [0x0000000080000000, 0x000000009c100000, 0x00000000d5580000)
  object space 459776K, 99% used [0x0000000080000000,0x000000009c0a29b8,0x000000009c100000)
 Metaspace       used 66832K, committed 68352K, reserved 1114112K
  class space    used 6962K, committed 7616K, reserved 1048576K
}
Event: 176.705 GC heap before
{Heap before GC invocations=726 (full 3):
 PSYoungGen      total 2048K, used 1728K [0x00000000d5580000, 0x00000000d5880000, 0x0000000100000000)
  eden space 1536K, 100% used [0x00000000d5580000,0x00000000d5700000,0x00000000d5700000)
  from space 512K, 37% used [0x00000000d5800000,0x00000000d5830000,0x00000000d5880000)
  to   space 512K, 0% used [0x00000000d5780000,0x00000000d5780000,0x00000000d5800000)
 ParOldGen       total 459776K, used 459402K [0x0000000080000000, 0x000000009c100000, 0x00000000d5580000)
  object space 459776K, 99% used [0x0000000080000000,0x000000009c0a29b8,0x000000009c100000)
 Metaspace       used 66832K, committed 68352K, reserved 1114112K
  class space    used 6962K, committed 7616K, reserved 1048576K
}
Event: 176.707 GC heap after
{Heap after GC invocations=726 (full 3):
 PSYoungGen      total 2048K, used 192K [0x00000000d5580000, 0x00000000d5880000, 0x0000000100000000)
  eden space 1536K, 0% used [0x00000000d5580000,0x00000000d5580000,0x00000000d5700000)
  from space 512K, 37% used [0x00000000d5780000,0x00000000d57b0000,0x00000000d5800000)
  to   space 512K, 0% used [0x00000000d5800000,0x00000000d5800000,0x00000000d5880000)
 ParOldGen       total 459776K, used 459554K [0x0000000080000000, 0x000000009c100000, 0x00000000d5580000)
  object space 459776K, 99% used [0x0000000080000000,0x000000009c0c89b8,0x000000009c100000)
 Metaspace       used 66832K, committed 68352K, reserved 1114112K
  class space    used 6962K, committed 7616K, reserved 1048576K
}
Event: 176.779 GC heap before
{Heap before GC invocations=727 (full 3):
 PSYoungGen      total 2048K, used 1728K [0x00000000d5580000, 0x00000000d5880000, 0x0000000100000000)
  eden space 1536K, 100% used [0x00000000d5580000,0x00000000d5700000,0x00000000d5700000)
  from space 512K, 37% used [0x00000000d5780000,0x00000000d57b0000,0x00000000d5800000)
  to   space 512K, 0% used [0x00000000d5800000,0x00000000d5800000,0x00000000d5880000)
 ParOldGen       total 459776K, used 459554K [0x0000000080000000, 0x000000009c100000, 0x00000000d5580000)
  object space 459776K, 99% used [0x0000000080000000,0x000000009c0c89b8,0x000000009c100000)
 Metaspace       used 66832K, committed 68352K, reserved 1114112K
  class space    used 6962K, committed 7616K, reserved 1048576K
}
Event: 176.783 GC heap after
{Heap after GC invocations=727 (full 3):
 PSYoungGen      total 2048K, used 512K [0x00000000d5580000, 0x00000000d5900000, 0x0000000100000000)
  eden space 1536K, 0% used [0x00000000d5580000,0x00000000d5580000,0x00000000d5700000)
  from space 512K, 100% used [0x00000000d5800000,0x00000000d5880000,0x00000000d5880000)
  to   space 1024K, 0% used [0x00000000d5700000,0x00000000d5700000,0x00000000d5800000)
 ParOldGen       total 459776K, used 459714K [0x0000000080000000, 0x000000009c100000, 0x00000000d5580000)
  object space 459776K, 99% used [0x0000000080000000,0x000000009c0f09b8,0x000000009c100000)
 Metaspace       used 66832K, committed 68352K, reserved 1114112K
  class space    used 6962K, committed 7616K, reserved 1048576K
}

